[1201/221641.102:INFO:CONSOLE(129)] "Uncaught TagError: adsbygoogle.push() error: No slot size for availableWidth=0", source: https://pagead2.googlesyndication.com/pagead/js/adsbygoogle.js (129)
[1201/221641.135:INFO:CONSOLE(252)] "Uncaught TagError: adsbygoogle.push() error: No slot size for availableWidth=0", source: https://pagead2.googlesyndication.com/pagead/js/adsbygoogle.js (252)
[1201/221641.252:INFO:CONSOLE(129)] "Uncaught TagError: adsbygoogle.push() error: No slot size for availableWidth=0", source: https://pagead2.googlesyndication.com/pagead/js/adsbygoogle.js (129)
[1201/221641.619:INFO:CONSOLE(1)] "jquery-loaded", source: https://static.fctables.com/js/script77.min.js (1)
[1201/221641.649:INFO:CONSOLE(1)] "jquery loaded 2", source: https://static.fctables.com/js/script77.min.js (1)
[1201/221641.681:INFO:CONSOLE(1)] "4", source: https://static.fctables.com/js/script77.min.js (1)
[1201/221642.622:INFO:CONSOLE(13)] "support", source:  (13)
[1201/221642.649:INFO:CONSOLE(1)] "CLVR: Version v1.30.6", source:  (1)
[1201/221642.702:INFO:CONSOLE(1)] "chart loaded", source: https://static.fctables.com/js/script77.min.js (1)
[1201/221642.770:INFO:CONSOLE(1)] "4", source: https://static.fctables.com/js/script77.min.js (1)
[1201/221642.990:INFO:CONSOLE(1)] "calculate", source: https://static.fctables.com/js/script77.min.js (1)
[1201/221642.997:INFO:CONSOLE(837)] "Uncaught IndexSizeError: Failed to execute 'arc' on 'CanvasRenderingContext2D': The radius provided (-0.5) is negative.", source: https://static.fctables.com/js/all39.min.js (837)
[1201/221643.063:INFO:CONSOLE(1)] "CLVR: UI Loaded", source:  (1)
[1201/221643.063:INFO:CONSOLE(1)] "CLVR: Load normally", source:  (1)
[1201/221643.066:INFO:CONSOLE(1)] "CLVR: Tracker is not safe", source:  (1)
[1201/221643.066:INFO:CONSOLE(1)] "CLVR: Tracker is not safe", source:  (1)
[1201/221643.066:INFO:CONSOLE(1)] "CLVR: Tracker is not safe", source:  (1)
[1201/221643.066:INFO:CONSOLE(1)] "CLVR: Tracker is not safe", source:  (1)
[1201/221643.066:INFO:CONSOLE(1)] "CLVR: Tracker is not safe", source:  (1)
[1201/221643.066:INFO:CONSOLE(1)] "CLVR: Tracker is not safe", source:  (1)
[1201/221643.066:INFO:CONSOLE(1)] "CLVR: Selected tracker: false", source:  (1)
[1201/221643.178:WARNING:backend_impl.cc(1816)] Destroying invalid entry.
[1201/221643.179:WARNING:backend_impl.cc(1816)] Destroying invalid entry.
